Arguments: 
  /usr/local/bin/node /usr/local/Cellar/yarn/1.22.10/libexec/bin/yarn.js add @nivo

PATH: 
  /Library/Frameworks/Python.framework/Versions/3.8/bin:/usr/local/bin:/usr/bin:/bin:/usr/sbin:/sbin:/Library/Frameworks/Python.framework/Versions/3.8/bin

Yarn version: 
  1.22.10

Node version: 
  10.16.0

Platform: 
  darwin x64

Trace: 
  Error: https://registry.yarnpkg.com/@nivo: Request "https://registry.yarnpkg.com/@nivo" returned a 405
      at Request.params.callback [as _callback] (/usr/local/Cellar/yarn/1.22.10/libexec/lib/cli.js:66997:18)
      at Request.self.callback (/usr/local/Cellar/yarn/1.22.10/libexec/lib/cli.js:140749:22)
      at Request.emit (events.js:198:13)
      at Request.<anonymous> (/usr/local/Cellar/yarn/1.22.10/libexec/lib/cli.js:141721:10)
      at Request.emit (events.js:198:13)
      at IncomingMessage.<anonymous> (/usr/local/Cellar/yarn/1.22.10/libexec/lib/cli.js:141643:12)
      at Object.onceWrapper (events.js:286:20)
      at IncomingMessage.emit (events.js:203:15)
      at endReadableNT (_stream_readable.js:1129:12)
      at process._tickCallback (internal/process/next_tick.js:63:19)

npm manifest: 
  {
    "name": "wheelock",
    "version": "0.1.0",
    "private": true,
    "dependencies": {
      "@hookform/resolvers": "^1.0.1",
      "@reach/router": "^1.3.4",
      "@testing-library/jest-dom": "^5.11.8",
      "@testing-library/react": "^11.2.3",
      "@testing-library/user-event": "^12.6.0",
      "axios": "^0.21.0",
      "bootstrap": "^4.1.0",
      "date-fns": "^2.16.1",
      "formik": "^2.2.5",
      "jwt-decode": "^3.1.2",
      "lodash": "^4.17.20",
      "node-sass": "^4.14.1",
      "react": "^17.0.1",
      "react-date-range": "^1.1.3",
      "react-dom": "^17.0.1",
      "react-hook-form": "^6.11.3",
      "react-scripts": "4.0.0",
      "react-toastify": "^6.1.0",
      "sodium-plus": "^0.9.0",
      "superstruct": "^0.10.13",
      "vivo": "^1.1.0",
      "web-vitals": "^0.2.4",
      "yup": "^0.29.3",
      "yup-phone": "^1.2.14"
    },
    "scripts": {
      "start": "react-scripts start",
      "build": "react-scripts build",
      "test": "react-scripts test",
      "eject": "react-scripts eject"
    },
    "eslintConfig": {
      "extends": [
        "react-app",
        "react-app/jest"
      ]
    },
    "browserslist": {
      "production": [
        ">0.2%",
        "not dead",
        "not op_mini all"
      ],
      "development": [
        "last 1 chrome version",
        "last 1 firefox version",
        "last 1 safari version"
      ]
    }
  }

yarn manifest: 
  No manifest

Lockfile: 
  No lockfile
